<?xml version="1.0" encoding="UTF-8"?>
<!-- Generated by org.testng.reporters.JUnitXMLReporter -->
<testsuite ignored="2" hostname="DESKTOP-8S8SJ7F" failures="1" tests="5" name="Test" time="33.173" errors="0" timestamp="2023-01-06T14:57:57 IST">
  <testcase classname="TestCases.KeyWords" name="VerifyBotLogoTest" time="0.126"/>
  <testcase classname="TestCases.grouping" name="LoginAppTest" time="2.135"/>
  <testcase classname="TestCases.grouping" name="VerifyBotLogoTest" time="0.093"/>
  <testcase classname="TestCases.grouping" name="VerifyLabelOfInventryTest" time="0.815">
    <failure type="java.lang.AssertionError" message="expected [PRODUCTS] but found [PRODUCT]">
      <![CDATA[java.lang.AssertionError: expected [PRODUCTS] but found [PRODUCT]
at TestCases.grouping.VerifyLabelOfInventryTest(grouping.java:66)
at java.base/java.util.ArrayList.forEach(ArrayList.java:1541)
... Removed 32 stack frames]]>
    </failure>
  </testcase> <!-- VerifyLabelOfInventryTest -->
  <testcase classname="TestCases.grouping" name="verifyCurrentUrlTest" time="0.062"/>
  <testcase classname="TestCases.grouping" name="verifyTitleTest" time="0.0">
    <ignored/>
  </testcase> <!-- verifyTitleTest -->
  <testcase classname="TestCases.grouping" name="VerifyLoginLogoTest" time="0.0">
    <ignored/>
  </testcase> <!-- VerifyLoginLogoTest -->
</testsuite> <!-- Test -->
